<?xml version="1.0" encoding="UTF-8" ?>
<testsuite tests="14" failures="0" name="com.qa.cucumberoptions.TestRunner" time="276.92" errors="0" skipped="0">
  <properties>
[...]
</properties>
  <testcase classname="NHS Costs Checker for UK Citizen from England" name="Submit the form with Partner, TaxBenifits and PaidUniversalCredit and verify the results (Age above 19)" time="24.006"/>
  <testcase classname="NHS Costs Checker for UK Citizen from England" name="Submit the form without Partner, TaxBenifits, with some benefits and live in care home and verify the results (Age above 50)" time="20.875"/>
  <testcase classname="NHS Costs Checker for UK Citizen from England" name="Submit the form without Partner, TaxBenifits, with some benfits and not live in care home and verify the (Age below 50)" time="23.368"/>
  <testcase classname="NHS Costs Checker for UK Citizen from England" name="Submit the form with age under 19 (no fulltime education), Partner, TaxBenifits and waiting for UniversalCredit with some benefits and verify the results (Age below 19)" time="20.088"/>
  <testcase classname="NHS Costs Checker for UK Citizen from England" name="Submit the form with age under 19 (with fulltime education), Partner, TaxBenifits and waiting for UniversalCredit and verify the results (Age below 19)" time="14.43"/>
  <testcase classname="NHS Costs Checker for UK Citizen from England" name="Submit the form for user less than age 16 (Age below 16)" time="12.474"/>
  <testcase classname="NHS Costs Checker for UK Citizen from Northern Ireland" name="Submit the form for user from Northern Ireland" time="8.626"/>
  <testcase classname="NHS Costs Checker for UK Citizen from Scotland" name="Submit the form with Partner, TaxBenifits and PaidUniversalCredit and verify the results" time="22.115"/>
  <testcase classname="NHS Costs Checker for UK Citizen from Scotland" name="Submit the form with Partner, TaxBenifits and waiting for PaidUniversalCredit with sonme benefits and verify the results" time="20.107"/>
  <testcase classname="NHS Costs Checker for UK Citizen from Scotland" name="Submit the form with Partner, TaxBenifits and getting ESA benefits and verify the results" time="24.095"/>
  <testcase classname="NHS Costs Checker Error Messages Validation" name="Invalid Entry in fields in the cost checker tool" time="16.468"/>
  <testcase classname="NHS Costs Checker Error Messages Validation" name="Validate the mandatory fields in the cost checker tool" time="29.135"/>
  <testcase classname="NHS Costs Checker for UK Citizen from Wales" name="Submit the form with Partner, TaxBenifits and PaidUniversalCredit and verify the results (Age below 50)" time="20.895"/>
  <testcase classname="NHS Costs Checker for UK Citizen from Wales" name="Submit the form without Partner, TaxBenifits, with some benfits and live in care home and verify the results (Age above 50)" time="20.238"/>
</testsuite>